
Log start: Sat Jun 25 13:23:50 2022


tiberCAD release 2.5.1 (rev. 4205, x86_64-linux)

Input file: transchar.tib

Initialize global simulation options
  Simulation temperature: 300 K
  Database search path  : /opt/tibercad-2.5.2/materials
  Log file              : transchar/transchar.log

Setup mesh
  Reading mesh file si_nw_fet.msh ... done.
  mesh units          : 1e-09 m
  mesh dimension      :       3
  number of nodes     :    4568
  number of elements  :   21069
  number of subdomains:       4

Create materials ...
  Added material Si for region 'source_region' (mesh regions 7)
    (using datafile /opt/tibercad-2.5.2/materials/Si.dat)
    x growth direction : (1,0,0)
    y growth direction : (0,1,0)
    z growth direction : (0,0,1)
  Added material Si for region 'drain_region' (mesh regions 6)
    (using datafile /opt/tibercad-2.5.2/materials/Si.dat)
    x growth direction : (1,0,0)
    y growth direction : (0,1,0)
    z growth direction : (0,0,1)
  Added material SiO2 for region 'oxide' (mesh regions 4)
    (using datafile /opt/tibercad-2.5.2/materials/SiO2.dat)
    x growth direction : (1,0,0)
    y growth direction : (0,1,0)
    z growth direction : (0,0,1)
  Added material Si for region 'channel' (mesh regions 5)
    (using datafile /opt/tibercad-2.5.2/materials/Si.dat)
    x growth direction : (1,0,0)
    y growth direction : (0,1,0)
    z growth direction : (0,0,1)
Creation of materials done.

Setting up simulation of type 'driftdiffusion' ...
  (using /opt/tibercad-2.5.2/x86_64-linux/modules/driftdiffusion/driftdiffusion.so)
  Adding boundary 'gate'
  (using /opt/tibercad-2.5.2/x86_64-linux/modules/driftdiffusion/ddbnd_schottky.so)
  Adding boundary 'source'
  (using /opt/tibercad-2.5.2/x86_64-linux/modules/driftdiffusion/ddbnd_ohmic.so)
  Adding boundary 'drain'
Creating bulk models... 
  Region: oxide
  (using /opt/tibercad-2.5.2/x86_64-linux/modules/driftdiffusion/ddbulk_default.so)
  Region: channel
  Region: drain_region
  Region: source_region

Setting up simulation of type 'sweep' ...

Setting up simulation of type 'sweep' ...

Setting up bulk models ...
  (using /opt/tibercad-2.5.2/x86_64-linux/modules/permittivity_constant.so)
  (using /opt/tibercad-2.5.2/x86_64-linux/modules/driftdiffusion/band_properties.so)
  (using /opt/tibercad-2.5.2/x86_64-linux/modules/density_of_states_bulk.so)
  (using /opt/tibercad-2.5.2/x86_64-linux/modules/driftdiffusion/mobility_field_dependent.so)
  (using /opt/tibercad-2.5.2/x86_64-linux/modules/driftdiffusion/mobility_doping_dependent.so)
  (using /opt/tibercad-2.5.2/x86_64-linux/modules/driftdiffusion/mobility_constant.so)

Setting up lower dimensional (boundary) models ...

>>>>>>>>>>>>>>>>>>>>>>>>>>>>>>>>>>>>>>>>>>>>>>>>>>>>>>>>>>>>>>>>>>>>>>>>>>>>>>>>
Simulation options for driftdiffusion (driftdiffusion)

Available solution variables:
------------------------------------------------------------------
Name                     Units          Type      Association Plot
------------------------------------------------------------------
Ec                       eV             real      nodal       y
Ev                       eV             real      nodal       y
eQFermi                  eV             real      nodal       y
hQFermi                  eV             real      nodal       y
ElPotential              V              real      nodal       y
Ec0                      eV             real      nodal       n
Ev0                      eV             real      nodal       n
Eg                       eV             real      nodal       n
ConductionBands          eV             n-tuple   cell        n
ValenceBands             eV             n-tuple   cell        n
eDensity                 cm^-3          real      nodal       y
hDensity                 cm^-3          real      nodal       y
eMobility                cm^2/(V*s)     real      nodal       n
hMobility                cm^2/(V*s)     real      nodal       n
eConductivity            S/cm           real      nodal       n
hConductivity            S/cm           real      nodal       n
ElField                  V/cm           vector    cell        y
Polarization             C/m^2          vector    cell        n
CurrentDensity           A/cm^2         vector    cell        n
eCurrentDensity          A/cm^2         vector    cell        y
hCurrentDensity          A/cm^2         vector    cell        y
IonizedDonors            cm^-3          real      nodal       n
IonizedAcceptors         cm^-3          real      nodal       n
IonizedElectronTraps     cm^-3          real      nodal       n
IonizedHoleTraps         cm^-3          real      nodal       n
eThElPower               eV/K           real      nodal       n
hThElPower               eV/K           real      nodal       n
eJoule                   W/cm^3         real      nodal       n
hJoule                   W/cm^3         real      nodal       n
ePowerFlux               W/cm^2         vector    nodal       n
hPowerFlux               W/cm^2         vector    nodal       n
ePeltier                 W/cm^3         real      nodal       n
hPeltier                 W/cm^3         real      nodal       n
RecombHeat               W/cm^3         real      nodal       n
IQE                                     real      none        n
eNetRecombination        1/(s*cm^3)     real      nodal       y
hNetRecombination        1/(s*cm^3)     real      nodal       y
drain.current            A              real      none        y
gate.current             A              real      none        y
source.current           A              real      none        y
RegionIDs                               real      cell        n
------------------------------------------------------------------

Output directory      : transchar
Output file format    : vtk
Output file basename  : driftdiffusion


solving for : poisson electrons 
using local scaling

# Region channel, Si
  Conduction band:
    DOS: bulk
      band : energy  DOS mass  degeneracy
      1 : 2.22348  0.320972  12
    Ec = 2.22348, Nc = 2.73795e+19 cm^-3
    m_dos = 0.320972, v_th = 2.06151e+07 cm/s
  Valence band:
    DOS: bulk
      band : energy  DOS mass  degeneracy
      1 : 1.10467  1.63813  2
    Ev = 1.10467, Nv = 5.26133e+19 cm^-3
    m_dos = 1.63813, v_th = 9.12524e+06 cm/s
  Eg = 1.11881, Ef0 = 1.20924, ni = 1.51469e+10

# Region drain_region, Si
  Conduction band:
    DOS: bulk
      band : energy  DOS mass  degeneracy
      1 : 2.22348  0.320972  12
    Ec = 2.22348, Nc = 2.73795e+19 cm^-3
    m_dos = 0.320972, v_th = 2.06151e+07 cm/s
  Valence band:
    DOS: bulk
      band : energy  DOS mass  degeneracy
      1 : 1.10467  1.63813  2
    Ev = 1.10467, Nv = 5.26133e+19 cm^-3
    m_dos = 1.63813, v_th = 9.12524e+06 cm/s
  Eg = 1.11881, Ef0 = 2.2081, ni = 1.39946e+10

# Region oxide, SiO2
  Conduction band:
    DOS: bulk
      band : energy  DOS mass  degeneracy
      1 : 5.34  0.5  12
    Ec = 5.34, Nc = 5.32328e+19 cm^-3
    m_dos = 0.5, v_th = 1.65171e+07 cm/s
  Valence band:
    DOS: bulk
      band : energy  DOS mass  degeneracy
      1 : -3.66  1  2
    Ev = -3.66, Nv = 2.50942e+19 cm^-3
    m_dos = 1, v_th = 1.16793e+07 cm/s
  Eg = 9, Ef0 = 0.84, ni = 9.25313e-57

# Region source_region, Si
  Conduction band:
    DOS: bulk
      band : energy  DOS mass  degeneracy
      1 : 2.22348  0.320972  12
    Ec = 2.22348, Nc = 2.73795e+19 cm^-3
    m_dos = 0.320972, v_th = 2.06151e+07 cm/s
  Valence band:
    DOS: bulk
      band : energy  DOS mass  degeneracy
      1 : 1.10467  1.63813  2
    Ev = 1.10467, Nv = 5.26133e+19 cm^-3
    m_dos = 1.63813, v_th = 9.12524e+06 cm/s
  Eg = 1.11881, Ef0 = 2.2081, ni = 1.39946e+10


<<<<<<<<<<<<<<<<<<<<<<<<<<<<<<<<<<<<<<<<<<<<<<<<<<<<<<<<<<<<<<<<<<<<<<<<<<<<<<<<

>>>>>>>>>>>>>>>>>>>>>>>>>>>>>>>>>>>>>>>>>>>>>>>>>>>>>>>>>>>>>>>>>>>>>>>>>>>>>>>>
Simulation options for transchar (sweep)

Output directory      : transchar
Output file format    : vtk
Output file basename  : transchar



<<<<<<<<<<<<<<<<<<<<<<<<<<<<<<<<<<<<<<<<<<<<<<<<<<<<<<<<<<<<<<<<<<<<<<<<<<<<<<<<

>>>>>>>>>>>>>>>>>>>>>>>>>>>>>>>>>>>>>>>>>>>>>>>>>>>>>>>>>>>>>>>>>>>>>>>>>>>>>>>>
Simulation options for transchar_sweep_drain (sweep)

Output directory      : transchar
Output file format    : vtk
Output file basename  : transchar_sweep_drain



<<<<<<<<<<<<<<<<<<<<<<<<<<<<<<<<<<<<<<<<<<<<<<<<<<<<<<<<<<<<<<<<<<<<<<<<<<<<<<<<
We solve: transchar_sweep_drain 

>>>>------------------------- (transchar_sweep_drain) --------------------------
  Ramping to sweep value $Vd = 0.02

*** Warning: driftdiffusion has never been solved before ramping.
  Trying $Vd = 0.02

  >>>>---------------------------- (driftdiffusion) ----------------------------
    Setting max_iterations for nonlinear solver to 150
    Solving equilibrium
    it 1, |du| = 58.0225, |r| = 17.5791  alpha = 1
    it 2, |du| = 2.85592, |r| = 2.96757  alpha = 1
    it 3, |du| = 0.979193, |r| = 0.366814  alpha = 1
    it 4, |du| = 0.310062, |r| = 0.015211  alpha = 1
    it 5, |du| = 0.0217684, |r| = 5.52465e-05  alpha = 1

    iterations: 6, |du| = 9.23665e-05, |r| = 9.02931e-10
    Equilibrium done
    it 1, |du| = 0.773634, |r| = 0.0100824  alpha = 1
    it 2, |du| = 0.00554277, |r| = 1.00063e-05  alpha = 1

    iterations: 3, |du| = 2.98609e-05, |r| = 1.33192e-09
    Surface recombination current = 0

    contact name:       voltage:            current:
    source              0                   1.94008e-07
    drain               0.02               -1.94008e-07
    gate                0                  -5.07646e-15

  Solve time: 0h 0m 45s
  <<<<--------------------------------------------------------------------------

  >>>>------------------------------ (transchar) -------------------------------
    Ramping to sweep value $Vg = -0.8
    Trying $Vg = -0.8

    >>>>--------------------------- (driftdiffusion) ---------------------------
      it 1, |du| = 30.9453, |r| = 25.5193  alpha = 1
      it 2, |du| = 20.9375, |r| = 0.468262  alpha = 1
      it 3, |du| = 575.354, |r| = 0.0958558  alpha = 1

      Solve time: 0h 0m 19s

*** Warning: Ramping to $Vg = -0.8 failed while solving 'driftdiffusion'.
    Trying $Vg = -0.4

    >>>>--------------------------- (driftdiffusion) ---------------------------
      it 1, |du| = 15.4727, |r| = 10.8819  alpha = 1
      it 2, |du| = 7.91063, |r| = 0.458231  alpha = 1
      it 3, |du| = 0.953717, |r| = 0.00731358  alpha = 1
      it 4, |du| = 0.298409, |r| = 0.000193292  alpha = 1
      it 5, |du| = 0.120938, |r| = 5.82e-05  alpha = 1
      it 6, |du| = 0.0245113, |r| = 6.2922e-06  alpha = 1
      it 7, |du| = 0.00212279, |r| = 4.39526e-08  alpha = 1

      iterations: 8, |du| = 8.36226e-06, |r| = 1.9406e-12
      Surface recombination current = 0

      contact name:       voltage:            current:
      source              0                   2.69638e-11
      drain               0.02               -2.69638e-11
      gate               -0.4                -1.16854e-19

    Solve time: 0h 0m 43s
    <<<<------------------------------------------------------------------------
    Trying $Vg = -0.8

    >>>>--------------------------- (driftdiffusion) ---------------------------
      it 1, |du| = 15.4727, |r| = 0.247664  alpha = 1
      it 2, |du| = 0.615004, |r| = 0.014641  alpha = 1
      it 3, |du| = 0.023091, |r| = 3.61671e-05  alpha = 1

      iterations: 4, |du| = 5.31805e-05, |r| = 2.06536e-10
      Surface recombination current = 0

      contact name:       voltage:            current:
      source              0                   6.00068e-18
      drain               0.02               -5.77222e-18
      gate               -0.8                -2.28618e-19

    Solve time: 0h 0m 22s
    <<<<------------------------------------------------------------------------
    Ramping to sweep value $Vg = -0.7
    Trying $Vg = -0.7

    >>>>--------------------------- (driftdiffusion) ---------------------------
      it 1, |du| = 3.86817, |r| = 0.210232  alpha = 1
      it 2, |du| = 0.0394602, |r| = 0.00532421  alpha = 1

      iterations: 3, |du| = 0.000303877, |r| = 3.43348e-05
      Surface recombination current = 0

      contact name:       voltage:            current:
      source              0                   3.18186e-16
      drain               0.02               -3.18186e-16
      gate               -0.7                -4.39025e-23

    Solve time: 0h 0m 17s
    <<<<------------------------------------------------------------------------
    Ramping to sweep value $Vg = -0.6
    Trying $Vg = -0.6

    >>>>--------------------------- (driftdiffusion) ---------------------------
      it 1, |du| = 3.86817, |r| = 0.0897447  alpha = 1
      it 2, |du| = 0.0392603, |r| = 0.00155837  alpha = 1

      iterations: 3, |du| = 0.000137229, |r| = 5.11402e-07
      Surface recombination current = 0

      contact name:       voltage:            current:
      source              0                   1.33728e-14
      drain               0.02               -1.33728e-14
      gate               -0.6                -1.47112e-21

    Solve time: 0h 0m 16s
    <<<<------------------------------------------------------------------------
    Ramping to sweep value $Vg = -0.5
    Trying $Vg = -0.5

    >>>>--------------------------- (driftdiffusion) ---------------------------
      it 1, |du| = 3.86817, |r| = 0.0452295  alpha = 1
      it 2, |du| = 0.0402095, |r| = 0.000495752  alpha = 1

      iterations: 3, |du| = 0.000137281, |r| = 4.68824e-08
      Surface recombination current = 0

      contact name:       voltage:            current:
      source              0                   6.04607e-13
      drain               0.02               -6.04607e-13
      gate               -0.5                -1.76057e-19

    Solve time: 0h 0m 16s
    <<<<------------------------------------------------------------------------
    Ramping to sweep value $Vg = -0.4
    Trying $Vg = -0.4

    >>>>--------------------------- (driftdiffusion) ---------------------------
      it 1, |du| = 3.86817, |r| = 0.059016  alpha = 1
      it 2, |du| = 0.0396009, |r| = 0.00104206  alpha = 1

      iterations: 3, |du| = 0.000131896, |r| = 1.92613e-07
      Surface recombination current = 0

      contact name:       voltage:            current:
      source              0                   2.69637e-11
      drain               0.02               -2.69637e-11
      gate               -0.4                -7.75061e-18

    Solve time: 0h 0m 16s
    <<<<------------------------------------------------------------------------
    Ramping to sweep value $Vg = -0.3
    Trying $Vg = -0.3

    >>>>--------------------------- (driftdiffusion) ---------------------------
      it 1, |du| = 3.86817, |r| = 0.0849731  alpha = 1
      it 2, |du| = 0.0632698, |r| = 0.00324746  alpha = 1

      iterations: 3, |du| = 0.000409542, |r| = 2.66246e-06
      Surface recombination current = 0

      contact name:       voltage:            current:
      source              0                   1.15383e-09
      drain               0.02               -1.15383e-09
      gate               -0.3                 3.25005e-15

    Solve time: 0h 0m 17s
    <<<<------------------------------------------------------------------------
    Ramping to sweep value $Vg = -0.2
    Trying $Vg = -0.2

    >>>>--------------------------- (driftdiffusion) ---------------------------
      it 1, |du| = 3.86817, |r| = 0.160042  alpha = 1
      it 2, |du| = 0.181353, |r| = 0.0268511  alpha = 1
      it 3, |du| = 0.00513966, |r| = 0.000180281  alpha = 1

      iterations: 4, |du| = 5.00003e-05, |r| = 2.29878e-08
      Surface recombination current = 0

      contact name:       voltage:            current:
      source              0                   3.54493e-08
      drain               0.02               -3.54493e-08
      gate               -0.2                 7.65245e-17

    Solve time: 0h 0m 22s
    <<<<------------------------------------------------------------------------
    Ramping to sweep value $Vg = -0.1
    Trying $Vg = -0.1

    >>>>--------------------------- (driftdiffusion) ---------------------------
      it 1, |du| = 3.86817, |r| = 1.46493  alpha = 1
      it 2, |du| = 0.73263, |r| = 0.155071  alpha = 1
      it 3, |du| = 0.110262, |r| = 0.00595862  alpha = 1
      it 4, |du| = 0.00182658, |r| = 2.4334e-05  alpha = 1

      iterations: 5, |du| = 4.01012e-06, |r| = 4.08423e-10
      Surface recombination current = 0

      contact name:       voltage:            current:
      source              0                   1.53815e-07
      drain               0.02               -1.53815e-07
      gate               -0.1                -6.06512e-15

    Solve time: 0h 0m 27s
    <<<<------------------------------------------------------------------------
    Ramping to sweep value $Vg = 0
    Trying $Vg = 0

    >>>>--------------------------- (driftdiffusion) ---------------------------
      it 1, |du| = 3.86817, |r| = 2.36299  alpha = 1
      it 2, |du| = 0.546608, |r| = 0.130959  alpha = 1
      it 3, |du| = 0.0621616, |r| = 0.00101899  alpha = 1

      iterations: 4, |du| = 0.000655109, |r| = 1.37788e-07
      Surface recombination current = 0

      contact name:       voltage:            current:
      source              0                   1.94008e-07
      drain               0.02               -1.94008e-07
      gate                0                  -1.8329e-13

    Solve time: 0h 0m 22s
    <<<<------------------------------------------------------------------------
    Ramping to sweep value $Vg = 0.1
    Trying $Vg = 0.1

    >>>>--------------------------- (driftdiffusion) ---------------------------
      it 1, |du| = 3.86817, |r| = 1.0116  alpha = 1
      it 2, |du| = 0.181638, |r| = 0.0137384  alpha = 1
      it 3, |du| = 0.00505073, |r| = 7.37004e-06  alpha = 1

      iterations: 4, |du| = 3.76935e-06, |r| = 4.5444e-12
      Surface recombination current = 0

      contact name:       voltage:            current:
      source              0                   2.08084e-07
      drain               0.02               -2.08084e-07
      gate                0.1                -8.2055e-15

    Solve time: 0h 0m 23s
    <<<<------------------------------------------------------------------------
    Ramping to sweep value $Vg = 0.2
    Trying $Vg = 0.2

    >>>>--------------------------- (driftdiffusion) ---------------------------
      it 1, |du| = 3.86817, |r| = 0.525827  alpha = 1
      it 2, |du| = 0.08668, |r| = 0.00249413  alpha = 1

      iterations: 3, |du| = 0.000813015, |r| = 1.86769e-07
      Surface recombination current = 0

      contact name:       voltage:            current:
      source              0                   2.15526e-07
      drain               0.02               -2.15526e-07
      gate                0.2                -1.0644e-14

    Solve time: 0h 0m 17s
    <<<<------------------------------------------------------------------------
    Ramping to sweep value $Vg = 0.3
    Trying $Vg = 0.3

    >>>>--------------------------- (driftdiffusion) ---------------------------
      it 1, |du| = 3.86817, |r| = 0.341512  alpha = 1
      it 2, |du| = 0.0528036, |r| = 0.000747046  alpha = 1

      iterations: 3, |du| = 0.000219749, |r| = 1.34922e-08
      Surface recombination current = 0

      contact name:       voltage:            current:
      source              0                   2.20343e-07
      drain               0.02               -2.20343e-07
      gate                0.3                -8.58545e-15

    Solve time: 0h 0m 18s
    <<<<------------------------------------------------------------------------
    Ramping to sweep value $Vg = 0.4
    Trying $Vg = 0.4

    >>>>--------------------------- (driftdiffusion) ---------------------------
      it 1, |du| = 3.86817, |r| = 0.25201  alpha = 1
      it 2, |du| = 0.0370847, |r| = 0.000303108  alpha = 1

      iterations: 3, |du| = 8.09312e-05, |r| = 1.81979e-09
      Surface recombination current = 0

      contact name:       voltage:            current:
      source              0                   2.23819e-07
      drain               0.02               -2.23819e-07
      gate                0.4                -8.79187e-15

    Solve time: 0h 0m 18s
    <<<<------------------------------------------------------------------------
    Ramping to sweep value $Vg = 0.5
    Trying $Vg = 0.5

    >>>>--------------------------- (driftdiffusion) ---------------------------
      it 1, |du| = 3.86817, |r| = 0.200166  alpha = 1
      it 2, |du| = 0.0284676, |r| = 0.000149151  alpha = 1

      iterations: 3, |du| = 3.64387e-05, |r| = 3.64699e-10
      Surface recombination current = 0

      contact name:       voltage:            current:
      source              0                   2.26501e-07
      drain               0.02               -2.26501e-07
      gate                0.5                -8.91984e-15

    Solve time: 0h 0m 18s
    <<<<------------------------------------------------------------------------
    Ramping to sweep value $Vg = 0.6
    Trying $Vg = 0.6

    >>>>--------------------------- (driftdiffusion) ---------------------------
      it 1, |du| = 3.86817, |r| = 0.166407  alpha = 1
      it 2, |du| = 0.0229864, |r| = 8.3632e-05  alpha = 1

      iterations: 3, |du| = 1.86836e-05, |r| = 9.57447e-11
      Surface recombination current = 0

      contact name:       voltage:            current:
      source              0                   2.28664e-07
      drain               0.02               -2.28664e-07
      gate                0.6                -9.01051e-15

    Solve time: 0h 0m 18s
    <<<<------------------------------------------------------------------------
    Ramping to sweep value $Vg = 0.7
    Trying $Vg = 0.7

    >>>>--------------------------- (driftdiffusion) ---------------------------
      it 1, |du| = 3.86817, |r| = 0.142617  alpha = 1
      it 2, |du| = 0.0192047, |r| = 5.14616e-05  alpha = 1

      iterations: 3, |du| = 1.05319e-05, |r| = 3.05451e-11
      Surface recombination current = 0

      contact name:       voltage:            current:
      source              0                   2.30467e-07
      drain               0.02               -2.30467e-07
      gate                0.7                -9.08293e-15

    Solve time: 0h 0m 18s
    <<<<------------------------------------------------------------------------

  Solve time: 0h 6m 32s
  <<<<--------------------------------------------------------------------------
  Ramping to sweep value $Vd = 1
  Trying $Vd = 1

  >>>>---------------------------- (driftdiffusion) ----------------------------
    it 1, |du| = 37.908, |r| = 14.3028  alpha = 1
    it 2, |du| = 4.42132, |r| = 13.6032  alpha = 0.0625
    it 3, |du| = 36.3311, |r| = 12.1564  alpha = 0.125
    it 4, |du| = 525.132, |r| = 11.7793  alpha = 0.03125

    Solve time: 0h 0m 38s

*** Warning: Ramping to $Vd = 1 failed while solving 'driftdiffusion'.
  Trying $Vd = 0.51

  >>>>---------------------------- (driftdiffusion) ----------------------------
    it 1, |du| = 18.954, |r| = 5.41226  alpha = 1
    it 2, |du| = 8.70901, |r| = 1.87881  alpha = 1
    it 3, |du| = 2.73459, |r| = 0.520442  alpha = 1
    it 4, |du| = 1.06397, |r| = 0.089943  alpha = 1
    it 5, |du| = 0.217493, |r| = 0.0135106  alpha = 1
    it 6, |du| = 0.0715963, |r| = 0.00208567  alpha = 1
    it 7, |du| = 0.010344, |r| = 5.6876e-05  alpha = 1

    iterations: 8, |du| = 0.000218529, |r| = 4.57964e-08
    Surface recombination current = 0

    contact name:       voltage:            current:
    source              0                   9.03008e-07
    drain               0.51               -9.03008e-07
    gate                0                  -2.99179e-14

  Solve time: 0h 0m 44s
  <<<<--------------------------------------------------------------------------
  Trying $Vd = 1

  >>>>---------------------------- (driftdiffusion) ----------------------------
    it 1, |du| = 18.954, |r| = 0.120366  alpha = 1
    it 2, |du| = 1.49482, |r| = 0.063677  alpha = 0.5
    it 3, |du| = 1.21664, |r| = 0.01617  alpha = 1
    it 4, |du| = 0.130015, |r| = 0.0007477  alpha = 1
    it 5, |du| = 0.00299766, |r| = 1.09216e-06  alpha = 1

    iterations: 6, |du| = 6.30237e-06, |r| = 2.05e-11
    Surface recombination current = 0

    contact name:       voltage:            current:
    source              0                   9.06049e-07
    drain               1                  -9.06049e-07
    gate                0                  -3.57143e-14

  Solve time: 0h 0m 32s
  <<<<--------------------------------------------------------------------------

  >>>>------------------------------ (transchar) -------------------------------
    Ramping to sweep value $Vg = -0.8
    Trying $Vg = -0.8

    >>>>--------------------------- (driftdiffusion) ---------------------------
      it 1, |du| = 30.9453, |r| = 2.43536  alpha = 1
      it 2, |du| = 2.04868, |r| = 2.4068  alpha = 0.015625
      it 3, |du| = 3.12816, |r| = 2.28948  alpha = 0.0625
      it 4, |du| = 11.0804, |r| = 1.95039  alpha = 0.25
      it 5, |du| = 5.60841, |r| = 1.25193  alpha = 0.5
      it 6, |du| = 1.90189, |r| = 0.893094  alpha = 0.25
      it 7, |du| = 7.0918, |r| = 0.29845  alpha = 1
      it 8, |du| = 12.5353, |r| = 0.125509  alpha = 0.5
      it 9, |du| = 17.1426, |r| = 0.117677  alpha = 0.0625
      it 10, |du| = 10.9172, |r| = 0.0609535  alpha = 0.5
      it 11, |du| = 54.82, |r| = 0.0261293  alpha = 1
      it 12, |du| = 30.6412, |r| = 0.0248487  alpha = 0.0625
      it 13, |du| = 89.6013, |r| = 0.0220366  alpha = 0.125
      it 14, |du| = 11.5584, |r| = 0.0207146  alpha = 0.0625
      it 15, |du| = 68.3526, |r| = 0.0195257  alpha = 0.0625

      Solve time: 0h 1m 59s

*** Warning: Ramping to $Vg = -0.8 failed while solving 'driftdiffusion'.
    Trying $Vg = -0.4

    >>>>--------------------------- (driftdiffusion) ---------------------------
      it 1, |du| = 15.4727, |r| = 0.869802  alpha = 1
      it 2, |du| = 1.62171, |r| = 0.838686  alpha = 0.0625
      it 3, |du| = 1.50705, |r| = 0.752876  alpha = 0.125
      it 4, |du| = 0.943689, |r| = 0.657651  alpha = 0.125
      it 5, |du| = 1.17953, |r| = 0.481056  alpha = 0.25
      it 6, |du| = 0.947818, |r| = 0.238806  alpha = 0.5
      it 7, |du| = 2.0914, |r| = 0.0417352  alpha = 1
      it 8, |du| = 1.84311, |r| = 0.0341367  alpha = 0.5
      it 9, |du| = 2.18571, |r| = 0.0300423  alpha = 0.125
      it 10, |du| = 3.54242, |r| = 0.0265047  alpha = 0.125
      it 11, |du| = 46.0564, |r| = 0.0190228  alpha = 0.25
      it 12, |du| = 89.9433, |r| = 0.017951  alpha = 0.125
      it 13, |du| = 1836.24, |r| = 0.0118022  alpha = 0.5

      Solve time: 0h 1m 38s

*** Warning: Ramping to $Vg = -0.4 failed while solving 'driftdiffusion'.
    Trying $Vg = -0.2

    >>>>--------------------------- (driftdiffusion) ---------------------------
      it 1, |du| = 7.73634, |r| = 0.443492  alpha = 1
      it 2, |du| = 0.761979, |r| = 0.344366  alpha = 0.125
      it 3, |du| = 0.837572, |r| = 0.254609  alpha = 0.25
      it 4, |du| = 0.899915, |r| = 0.193415  alpha = 0.25
      it 5, |du| = 1.61874, |r| = 0.142705  alpha = 0.5
      it 6, |du| = 0.857765, |r| = 0.0698424  alpha = 0.5
      it 7, |du| = 0.634219, |r| = 0.00951048  alpha = 1
      it 8, |du| = 0.222544, |r| = 0.000767561  alpha = 1
      it 9, |du| = 0.033734, |r| = 1.463e-05  alpha = 1
      it 10, |du| = 0.00110856, |r| = 1.21793e-08  alpha = 1

      iterations: 11, |du| = 1.03938e-06, |r| = 3.90258e-13
      Surface recombination current = 0

      contact name:       voltage:            current:
      source              0                   5.5913e-08
      drain               1                  -5.5913e-08
      gate               -0.2                -2.20379e-15

    Solve time: 0h 1m 7.3s
    <<<<------------------------------------------------------------------------
    Trying $Vg = -0.6

    >>>>--------------------------- (driftdiffusion) ---------------------------
      it 1, |du| = 25.1099, |r| = 1.11722  alpha = 1
      it 2, |du| = 12.1552, |r| = 1.11668  alpha = 0.000488281
      it 3, |du| = 107.071, |r| = 1.11461  alpha = 0.00195312
      it 4, |du| = 97.9724, |r| = 1.11407  alpha = 0.000488281
      it 5, |du| = 32.3824, |r| = 1.11354  alpha = 0.000488281
      it 6, |du| = 90.6181, |r| = 1.11307  alpha = 0.000488281
      it 7, |du| = 68.2879, |r| = 1.11251  alpha = 0.000488281
      it 8, |du| = 34.0233, |r| = 1.11224  alpha = 0.000244141
      it 9, |du| = 218.26, |r| = 1.09489  alpha = 0.015625
      it 10, |du| = 722.152, |r| = 1.02922  alpha = 0.0625

      Solve time: 0h 2m 34s

*** Warning: Ramping to $Vg = -0.6 failed while solving 'driftdiffusion'.
    Trying $Vg = -0.4

    >>>>--------------------------- (driftdiffusion) ---------------------------
      it 1, |du| = 12.555, |r| = 0.581756  alpha = 1
      it 2, |du| = 6.27651, |r| = 0.578533  alpha = 0.0078125
      it 3, |du| = 5.18993, |r| = 0.560803  alpha = 0.03125
      it 4, |du| = 63.0457, |r| = 0.456698  alpha = 0.25
      it 5, |du| = 52.4921, |r| = 0.229529  alpha = 0.5
      it 6, |du| = 198.191, |r| = 0.215979  alpha = 0.0625
      it 7, |du| = 6433.66, |r| = 0.202012  alpha = 0.125

      Solve time: 0h 1m 2.5s

*** Warning: Ramping to $Vg = -0.4 failed while solving 'driftdiffusion'.
    Trying $Vg = -0.3

    >>>>--------------------------- (driftdiffusion) ---------------------------
      it 1, |du| = 6.27748, |r| = 0.383055  alpha = 1
      it 2, |du| = 2.35196, |r| = 0.371306  alpha = 0.03125
      it 3, |du| = 2.40452, |r| = 0.326187  alpha = 0.125
      it 4, |du| = 1.91237, |r| = 0.124316  alpha = 0.5
      it 5, |du| = 1.86483, |r| = 0.0196124  alpha = 1
      it 6, |du| = 0.651061, |r| = 0.00653854  alpha = 0.5
      it 7, |du| = 1.14362, |r| = 0.00214741  alpha = 1
      it 8, |du| = 0.106051, |r| = 0.000320177  alpha = 1
      it 9, |du| = 0.0251051, |r| = 1.97391e-05  alpha = 1
      it 10, |du| = 0.00107077, |r| = 7.19894e-08  alpha = 1

      iterations: 11, |du| = 1.80313e-06, |r| = 1.02974e-12
      Surface recombination current = 0

      contact name:       voltage:            current:
      source              0                   1.5665e-09
      drain               1                  -1.5665e-09
      gate               -0.3                -6.17416e-17

    Solve time: 0h 1m 8.6s
    <<<<------------------------------------------------------------------------
    Trying $Vg = -0.5

    >>>>--------------------------- (driftdiffusion) ---------------------------
      it 1, |du| = 13.4578, |r| = 0.0961415  alpha = 1
      it 2, |du| = 12.7246, |r| = 0.0938799  alpha = 0.03125
      it 3, |du| = 6.73812, |r| = 0.0829095  alpha = 0.125
      it 4, |du| = 12.2255, |r| = 0.0533372  alpha = 0.5
      it 5, |du| = 16.9208, |r| = 0.0466912  alpha = 0.125
      it 6, |du| = 13.4975, |r| = 0.0256422  alpha = 0.5
      it 7, |du| = 5.4587, |r| = 0.0142685  alpha = 0.5
      it 8, |du| = 7.35387, |r| = 0.00811465  alpha = 0.5
      it 9, |du| = 11.7782, |r| = 0.00491328  alpha = 0.5
      it 10, |du| = 5.70614, |r| = 0.00292098  alpha = 0.5
      it 11, |du| = 6.68201, |r| = 0.00228016  alpha = 0.25
      it 12, |du| = 9.73894, |r| = 0.00103167  alpha = 1
      it 13, |du| = 9.84932, |r| = 0.000956343  alpha = 0.0625
      it 14, |du| = 8.99359, |r| = 0.000758912  alpha = 0.5
      it 15, |du| = 5.25864, |r| = 0.000708969  alpha = 0.03125

      Solve time: 0h 1m 55s

*** Warning: Ramping to $Vg = -0.5 failed while solving 'driftdiffusion'.
    Trying $Vg = -0.4

    >>>>--------------------------- (driftdiffusion) ---------------------------
      it 1, |du| = 6.7289, |r| = 0.0886772  alpha = 1
      it 2, |du| = 5.68684, |r| = 0.0831501  alpha = 0.0625
      it 3, |du| = 1.19398, |r| = 0.0551049  alpha = 0.25
      it 4, |du| = 0.88347, |r| = 0.0205965  alpha = 1
      it 5, |du| = 0.633615, |r| = 0.00649422  alpha = 1
      it 6, |du| = 0.322589, |r| = 0.00399875  alpha = 0.25
      it 7, |du| = 0.0805615, |r| = 0.00168084  alpha = 0.5
      it 8, |du| = 0.0224378, |r| = 0.000100713  alpha = 1
      it 9, |du| = 0.00257786, |r| = 1.17106e-06  alpha = 1

      iterations: 10, |du| = 3.04037e-05, |r| = 1.64605e-10
      Surface recombination current = 0

      contact name:       voltage:            current:
      source              0                   3.50845e-11
      drain               1                  -3.50845e-11
      gate               -0.4                -1.38005e-18

    Solve time: 0h 1m 1.1s
    <<<<------------------------------------------------------------------------
    Trying $Vg = -0.6

    >>>>--------------------------- (driftdiffusion) ---------------------------
      it 1, |du| = 14.4678, |r| = 0.0693434  alpha = 1
      it 2, |du| = 12.4585, |r| = 0.0684101  alpha = 0.015625
      it 3, |du| = 6.57168, |r| = 0.0603792  alpha = 0.125
      it 4, |du| = 9.65118, |r| = 0.0527336  alpha = 0.125
      it 5, |du| = 6.14762, |r| = 0.00541647  alpha = 1
      it 6, |du| = 4.84485, |r| = 0.0048363  alpha = 0.03125
      it 7, |du| = 1.91658, |r| = 0.00367328  alpha = 0.5
      it 8, |du| = 3.22311, |r| = 0.00312616  alpha = 0.125
      it 9, |du| = 2.80156, |r| = 0.00218009  alpha = 0.5
      it 10, |du| = 1.06787, |r| = 0.00174126  alpha = 0.125
      it 11, |du| = 4.42067, |r| = 0.00169513  alpha = 1
      it 12, |du| = 2.99471, |r| = 0.00165003  alpha = 0.0078125
      it 13, |du| = 0.771494, |r| = 0.00138818  alpha = 0.03125
      it 14, |du| = 1.12714, |r| = 0.000547672  alpha = 0.25
      it 15, |du| = 2.08254, |r| = 0.000224555  alpha = 0.5

      Solve time: 0h 2m 1.6s

*** Warning: Ramping to $Vg = -0.6 failed while solving 'driftdiffusion'.
    Trying $Vg = -0.5

    >>>>--------------------------- (driftdiffusion) ---------------------------
      it 1, |du| = 7.23388, |r| = 0.0353931  alpha = 1
      it 2, |du| = 3.26641, |r| = 0.0340883  alpha = 0.03125
      it 3, |du| = 2.03204, |r| = 0.0308985  alpha = 0.0625
      it 4, |du| = 15.1951, |r| = 0.0168789  alpha = 1
      it 5, |du| = 16.5509, |r| = 0.0142995  alpha = 0.0625
      it 6, |du| = 5.36889, |r| = 0.0106791  alpha = 0.25
      it 7, |du| = 3.42377, |r| = 0.00907358  alpha = 0.25
      it 8, |du| = 2.84258, |r| = 0.00645747  alpha = 0.125
      it 9, |du| = 1.96784, |r| = 0.00508052  alpha = 0.5
      it 10, |du| = 0.972349, |r| = 0.00446009  alpha = 0.0625
      it 11, |du| = 0.5321, |r| = 0.00278965  alpha = 0.25
      it 12, |du| = 0.302155, |r| = 0.000933874  alpha = 0.5
      it 13, |du| = 1.10248, |r| = 0.000166171  alpha = 1
      it 14, |du| = 0.422554, |r| = 1.10996e-05  alpha = 1
      it 15, |du| = 0.0360135, |r| = 6.9614e-08  alpha = 1

      Solve time: 0h 1m 50s

*** Warning: Ramping to $Vg = -0.5 failed while solving 'driftdiffusion'.
    Trying $Vg = -0.45

    >>>>--------------------------- (driftdiffusion) ---------------------------
      it 1, |du| = 3.61694, |r| = 0.0382497  alpha = 1
      it 2, |du| = 1.18677, |r| = 0.0245301  alpha = 0.125
      it 3, |du| = 1.12317, |r| = 0.0171378  alpha = 0.25
      it 4, |du| = 1.1486, |r| = 0.0124866  alpha = 0.25
      it 5, |du| = 0.903832, |r| = 0.0089577  alpha = 0.25
      it 6, |du| = 1.28551, |r| = 0.00408357  alpha = 0.5
      it 7, |du| = 1.24608, |r| = 0.000841883  alpha = 1
      it 8, |du| = 0.136141, |r| = 0.000177935  alpha = 1
      it 9, |du| = 0.0663933, |r| = 1.83748e-05  alpha = 1
      it 10, |du| = 0.00797021, |r| = 2.10577e-07  alpha = 1

      iterations: 11, |du| = 9.03623e-05, |r| = 2.91533e-11
      Surface recombination current = 0

      contact name:       voltage:            current:
      source              0                   5.19283e-12
      drain               1                  -5.19283e-12
      gate               -0.45               -2.11836e-19

    Solve time: 0h 1m 6.7s
    <<<<------------------------------------------------------------------------
    Trying $Vg = -0.55

    >>>>--------------------------- (driftdiffusion) ---------------------------
      it 1, |du| = 18.7457, |r| = 0.0362329  alpha = 1
      it 2, |du| = 11.081, |r| = 0.0358773  alpha = 0.015625
      it 3, |du| = 12.067, |r| = 0.0336382  alpha = 0.0625
      it 4, |du| = 5.71612, |r| = 0.0268186  alpha = 0.25
      it 5, |du| = 6.26643, |r| = 0.0232225  alpha = 0.125
      it 6, |du| = 12.0601, |r| = 0.016644  alpha = 0.5
      it 7, |du| = 15.9062, |r| = 0.0144231  alpha = 0.0625
      it 8, |du| = 9.77879, |r| = 0.0128206  alpha = 0.5
      it 9, |du| = 11.306, |r| = 0.0112354  alpha = 0.0625
      it 10, |du| = 5.93117, |r| = 0.00808035  alpha = 0.25
      it 11, |du| = 3.48102, |r| = 0.00709946  alpha = 0.0625
      it 12, |du| = 0.580554, |r| = 0.00625107  alpha = 0.0625
      it 13, |du| = 0.71633, |r| = 0.00288425  alpha = 0.25
      it 14, |du| = 2.35667, |r| = 0.00095172  alpha = 1
      it 15, |du| = 0.693308, |r| = 0.000110442  alpha = 1

      Solve time: 0h 1m 56s

*** Warning: Ramping to $Vg = -0.55 failed while solving 'driftdiffusion'.
    Trying $Vg = -0.5

    >>>>--------------------------- (driftdiffusion) ---------------------------
      it 1, |du| = 9.37287, |r| = 0.0643107  alpha = 1
      it 2, |du| = 5.89619, |r| = 0.0617027  alpha = 0.03125
      it 3, |du| = 8.75705, |r| = 0.0404648  alpha = 0.25
      it 4, |du| = 0.907594, |r| = 0.0328736  alpha = 0.125
      it 5, |du| = 2.21499, |r| = 0.0228176  alpha = 0.25
      it 6, |du| = 1.22901, |r| = 0.0195859  alpha = 0.125
      it 7, |du| = 1.15748, |r| = 0.0171505  alpha = 0.125
      it 8, |du| = 3.01219, |r| = 0.0115896  alpha = 0.25
      it 9, |du| = 0.213493, |r| = 0.00514951  alpha = 0.5
      it 10, |du| = 0.266266, |r| = 0.00055302  alpha = 1
      it 11, |du| = 0.0360516, |r| = 1.07047e-05  alpha = 1

      iterations: 12, |du| = 0.000664369, |r| = 1.22093e-08
      Surface recombination current = 0

      contact name:       voltage:            current:
      source              0                   7.66232e-13
      drain               1                  -7.66232e-13
      gate               -0.5                -2.81138e-20

    Solve time: 0h 1m 26s
    <<<<------------------------------------------------------------------------
    Trying $Vg = -0.6

    >>>>--------------------------- (driftdiffusion) ---------------------------
      it 1, |du| = 3.86817, |r| = 0.026048  alpha = 1
      it 2, |du| = 2.87472, |r| = 0.0147123  alpha = 1
      it 3, |du| = 1.66309, |r| = 0.0139457  alpha = 0.03125
      it 4, |du| = 4.36155, |r| = 0.0134588  alpha = 0.5
      it 5, |du| = 2.29124, |r| = 0.0049789  alpha = 0.03125
      it 6, |du| = 1.66548, |r| = 0.00283662  alpha = 0.5
      it 7, |du| = 0.975077, |r| = 0.00260702  alpha = 0.25
      it 8, |du| = 0.680317, |r| = 0.00157993  alpha = 0.25
      it 9, |du| = 0.885811, |r| = 0.00115765  alpha = 0.25
      it 10, |du| = 0.743135, |r| = 0.000708715  alpha = 0.25
      it 11, |du| = 0.276979, |r| = 0.000104155  alpha = 1
      it 12, |du| = 0.0475816, |r| = 1.2885e-05  alpha = 1
      it 13, |du| = 0.0129438, |r| = 6.06378e-07  alpha = 1

      iterations: 14, |du| = 0.000673247, |r| = 1.94779e-09
      Surface recombination current = 0

      contact name:       voltage:            current:
      source              0                   1.66489e-14
      drain               1                  -1.66489e-14
      gate               -0.6                -1.10493e-21

    Solve time: 0h 1m 31s
    <<<<------------------------------------------------------------------------
    Trying $Vg = -0.8

    >>>>--------------------------- (driftdiffusion) ---------------------------
      it 1, |du| = 22.461, |r| = 0.0710298  alpha = 1
      it 2, |du| = 26.2194, |r| = 0.070803  alpha = 0.00390625
      it 3, |du| = 14.9463, |r| = 0.0687142  alpha = 0.03125
      it 4, |du| = 539.083, |r| = 0.0645741  alpha = 0.0625

      Solve time: 0h 0m 44s

*** Warning: Ramping to $Vg = -0.8 failed while solving 'driftdiffusion'.
    Trying $Vg = -0.7

    >>>>--------------------------- (driftdiffusion) ---------------------------
      it 1, |du| = 11.2305, |r| = 0.0307546  alpha = 1
      it 2, |du| = 5.55084, |r| = 0.0302828  alpha = 0.00390625
      it 3, |du| = 4.99607, |r| = 0.0297705  alpha = 0.000488281
      it 4, |du| = 7.93293, |r| = 0.0275071  alpha = 0.03125
      it 5, |du| = 2.07648, |r| = 0.0213929  alpha = 0.125
      it 6, |du| = 1.76774, |r| = 0.0147276  alpha = 0.5
      it 7, |du| = 2.03964, |r| = 0.0112044  alpha = 0.125
      it 8, |du| = 1.90908, |r| = 0.0084066  alpha = 0.5
      it 9, |du| = 3.35145, |r| = 0.00632332  alpha = 0.25
      it 10, |du| = 2.46145, |r| = 0.00343756  alpha = 1
      it 11, |du| = 1.19308, |r| = 0.00303697  alpha = 0.125
      it 12, |du| = 0.323691, |r| = 0.00183881  alpha = 0.25
      it 13, |du| = 0.710929, |r| = 0.000825197  alpha = 0.5
      it 14, |du| = 1.26644, |r| = 0.000498369  alpha = 1
      it 15, |du| = 0.758243, |r| = 0.000299387  alpha = 1

      Solve time: 0h 2m 0.92s

*** Warning: Ramping to $Vg = -0.7 failed while solving 'driftdiffusion'.
    Trying $Vg = -0.65

    >>>>--------------------------- (driftdiffusion) ---------------------------
      it 1, |du| = 5.61524, |r| = 0.052366  alpha = 1
      it 2, |du| = 8.80683, |r| = 0.0421322  alpha = 0.0625
      it 3, |du| = 1.21181, |r| = 0.0235807  alpha = 0.25
      it 4, |du| = 0.709156, |r| = 0.0171328  alpha = 0.25
      it 5, |du| = 0.954343, |r| = 0.012928  alpha = 0.25
      it 6, |du| = 1.12365, |r| = 0.00977279  alpha = 0.25
      it 7, |du| = 0.838945, |r| = 0.00824007  alpha = 0.25
      it 8, |du| = 0.524254, |r| = 0.00148869  alpha = 1
      it 9, |du| = 0.0871131, |r| = 0.000127857  alpha = 1
      it 10, |du| = 0.00833341, |r| = 4.67199e-06  alpha = 1

      iterations: 11, |du| = 0.000807752, |r| = 5.29747e-07
      Surface recombination current = 0

      contact name:       voltage:            current:
      source              0                   2.50335e-15
      drain               1                  -2.50335e-15
      gate               -0.65               -2.2561e-22

    Solve time: 0h 1m 12s
    <<<<------------------------------------------------------------------------
    Trying $Vg = -0.75

    >>>>--------------------------- (driftdiffusion) ---------------------------
      it 1, |du| = 12.5086, |r| = 0.0432293  alpha = 1
      it 2, |du| = 12.0305, |r| = 0.0396701  alpha = 0.0625
      it 3, |du| = 8.07593, |r| = 0.0315213  alpha = 0.25
      it 4, |du| = 1.86018, |r| = 0.0252549  alpha = 0.5
      it 5, |du| = 2.66326, |r| = 0.018828  alpha = 0.5
      it 6, |du| = 1.15866, |r| = 0.0137316  alpha = 0.25
      it 7, |du| = 0.879292, |r| = 0.00944826  alpha = 0.25
      it 8, |du| = 1.42744, |r| = 0.00690214  alpha = 0.5
      it 9, |du| = 1.49432, |r| = 0.00467563  alpha = 1
      it 10, |du| = 1.24309, |r| = 0.00329636  alpha = 1
      it 11, |du| = 0.870685, |r| = 0.00247482  alpha = 1
      it 12, |du| = 0.730039, |r| = 0.00180998  alpha = 1
      it 13, |du| = 0.562455, |r| = 0.00124248  alpha = 1
      it 14, |du| = 0.372292, |r| = 0.000802086  alpha = 1
      it 15, |du| = 0.285217, |r| = 0.000494851  alpha = 1

      Solve time: 0h 1m 34s

*** Warning: Ramping to $Vg = -0.75 failed while solving 'driftdiffusion'.
    Trying $Vg = -0.7

    >>>>--------------------------- (driftdiffusion) ---------------------------
      it 1, |du| = 6.25429, |r| = 0.062159  alpha = 1
      it 2, |du| = 5.41524, |r| = 0.0585833  alpha = 0.03125
      it 3, |du| = 5.41253, |r| = 0.0386478  alpha = 0.125
      it 4, |du| = 0.854929, |r| = 0.0279177  alpha = 0.25
      it 5, |du| = 1.87343, |r| = 0.0191268  alpha = 0.5
      it 6, |du| = 0.711041, |r| = 0.0148058  alpha = 0.25
      it 7, |du| = 0.42345, |r| = 0.0118752  alpha = 0.25
      it 8, |du| = 0.788079, |r| = 0.00822009  alpha = 0.5
      it 9, |du| = 1.23097, |r| = 0.00435245  alpha = 1
      it 10, |du| = 0.718284, |r| = 0.00253612  alpha = 1
      it 11, |du| = 0.402269, |r| = 0.00146945  alpha = 1
      it 12, |du| = 0.293573, |r| = 0.000841109  alpha = 1
      it 13, |du| = 0.157807, |r| = 0.000486548  alpha = 1
      it 14, |du| = 0.0722238, |r| = 0.000285251  alpha = 1
      it 15, |du| = 0.0330979, |r| = 0.000166495  alpha = 1

      Solve time: 0h 1m 38s

*** Warning: Ramping to $Vg = -0.7 failed while solving 'driftdiffusion'.
    Trying $Vg = -0.675

    >>>>--------------------------- (driftdiffusion) ---------------------------
      it 1, |du| = 3.12715, |r| = 0.0748982  alpha = 1
      it 2, |du| = 5.9163, |r| = 0.0371873  alpha = 0.125
      it 3, |du| = 1.32509, |r| = 0.0194084  alpha = 0.5
      it 4, |du| = 1.35299, |r| = 0.0131553  alpha = 0.5
      it 5, |du| = 1.45276, |r| = 0.00621201  alpha = 0.5
